o6-UVwuRcotOj4m5Mq-92FFST9Zk
0
o6-UVwupfeNMZnIvkkw-9XT3mt6o
0
o6-UVwuk6V2bBfMl8fZwI-SJTsKY
0
o6-UVwujEI97K0xh9yPBFHzuoCjo
0
o6-UVwu1XnjTwHYbmS8--ekJQBhk
1
小时光
string(340) "<xml>
<return_code><![CDATA[SUCCESS]]></return_code>
<return_msg><![CDATA[参数错误:openid字段不正确,请检查是否合法]]></return_msg>
<result_code><![CDATA[FAIL]]></result_code>
<err_code><![CDATA[PARAM_ERROR]]></err_code>
<err_code_des><![CDATA[参数错误:openid字段不正确,请检查是否合法]]></err_code_des>
</xml>"


SimpleXMLElement Object
(
    [return_code] => SUCCESS
    [return_msg] => 参数错误:openid字段不正确,请检查是否合法
    [result_code] => FAIL
    [err_code] => PARAM_ERROR
    [err_code_des] => 参数错误:openid字段不正确,请检查是否合法
)

参数错误:openid字段不正确,请检查是否合法
o6-UVwtOvK71BVZ1UWV4E0MUAZLg
0
o6-UVwtBRRk1Q-RtK8wkVwsVa4kw
0
o6-UVwt_TUaFF0ubp7O-75fFdoiw
0
o6-UVwsqiu2HqxshX67nIqhfXDYM
0
o6-UVwsI3I5v0GklHJEhDmPgyLRA
2
os2iHXKXiryz5HN795-dTeawvcjo
string(340) "<xml>
<return_code><![CDATA[SUCCESS]]></return_code>
<return_msg><![CDATA[参数错误:openid字段不正确,请检查是否合法]]></return_msg>
<result_code><![CDATA[FAIL]]></result_code>
<err_code><![CDATA[PARAM_ERROR]]></err_code>
<err_code_des><![CDATA[参数错误:openid字段不正确,请检查是否合法]]></err_code_des>
</xml>"


SimpleXMLElement Object
(
    [return_code] => SUCCESS
    [return_msg] => 参数错误:openid字段不正确,请检查是否合法
    [result_code] => FAIL
    [err_code] => PARAM_ERROR
    [err_code_des] => 参数错误:openid字段不正确,请检查是否合法
)

参数错误:openid字段不正确,请检查是否合法
o6-UVws1tBZR-L5mkVk0aaiDvJbI
0
o6-UVwrtPF8pEL876THbVZ5nw_gg
0
o6-UVwrciyBFCKLcaWPT1NJvhFVg
0
o6-UVwr7vyyHpBlguQiK75PDhxZw
0
o6-UVwr4weuirIF5g2tcU5v5PGzA
0
o6-UVwqeofAwFBzaaVbgOYlxewMc
0
o6-UVwpU-kAoQDCN7j07ZcHGOWfw
0
o6-UVwpSYZh7VRuV4n0OMpN5ywho
0
o6-UVwp0OlOfDnNPkadnp9k_Gd6g
0
o6-UVwoodV57DtuvGdsj8yROIS2c
0
o6-UVwoKw8CLIZupCih9Gy4hbBFo
1


o6-UVwoKw8CLIZupCih9Gy4hbBFo
string(340) "<xml>
<return_code><![CDATA[SUCCESS]]></return_code>
<return_msg><![CDATA[参数错误:openid字段不正确,请检查是否合法]]></return_msg>
<result_code><![CDATA[FAIL]]></result_code>
<err_code><![CDATA[PARAM_ERROR]]></err_code>
<err_code_des><![CDATA[参数错误:openid字段不正确,请检查是否合法]]></err_code_des>
</xml>"


SimpleXMLElement Object
(
    [return_code] => SUCCESS
    [return_msg] => 参数错误:openid字段不正确,请检查是否合法
    [result_code] => FAIL
    [err_code] => PARAM_ERROR
    [err_code_des] => 参数错误:openid字段不正确,请检查是否合法
)

参数错误:openid字段不正确,请检查是否合法
o6-UVwnZFOCLOVdHV64tyDiWIAmY
0
o6-UVwnJMk4NXevDUvL_1lYC25s0
0
o6-UVwnE80ONlgdaLp8d3NNz8J28
0
o6-UVwn5MCkAxsGT5muCbpm5H980
0
o6-UVwmzgB7y6p4q4g8sP_xgMr6c
0
o6-UVwmSTZlXQBnNpBQQQops6lmM
0
o6-UVwlZ7KjKBniB90-ZCDuiXvAk
0
o6-UVwlgepvAIOpTBT_u52htCVY8
0
o6-UVwlauYJuTpbfd6thUaAMBO1c
0
o6-UVwkY-KyLz7dxs-yhp9u4WKOs
0
o6-UVwkuCNbDHtg7NQRJJL1qgjVg
0
o6-UVwkTl2huEp6Iq0ykAETHl4uM
0
o6-UVwk97J96fR6NO_KqcH61EnME
1
亲，您的赚米吧账号是：

---------------

o6-UVwk97J96fR6NO_KqcH61EnME
string(356) "<xml>
<return_code><![CDATA[SUCCESS]]></return_code>
<return_msg><![CDATA[参数错误:用户openid字段必填，并且少于32个字符.]]></return_msg>
<result_code><![CDATA[FAIL]]></result_code>
<err_code><![CDATA[PARAM_ERROR]]></err_code>
<err_code_des><![CDATA[参数错误:用户openid字段必填，并且少于32个字符.]]></err_code_des>
</xml>"


SimpleXMLElement Object
(
    [return_code] => SUCCESS
    [return_msg] => 参数错误:用户openid字段必填，并且少于32个字符.
    [result_code] => FAIL
    [err_code] => PARAM_ERROR
    [err_code_des] => 参数错误:用户openid字段必填，并且少于32个字符.
)

参数错误:用户openid字段必填，并且少于32个字符.
o6-UVwk_8xhf6gc5lDjCMZhg83lc
1
亲，您的赚米吧账号是：

---------------

o6-UVwk_8xhf6gc5lDjCMZhg83lc
string(356) "<xml>
<return_code><![CDATA[SUCCESS]]></return_code>
<return_msg><![CDATA[参数错误:用户openid字段必填，并且少于32个字符.]]></return_msg>
<result_code><![CDATA[FAIL]]></result_code>
<err_code><![CDATA[PARAM_ERROR]]></err_code>
<err_code_des><![CDATA[参数错误:用户openid字段必填，并且少于32个字符.]]></err_code_des>
</xml>"


SimpleXMLElement Object
(
    [return_code] => SUCCESS
    [return_msg] => 参数错误:用户openid字段必填，并且少于32个字符.
    [result_code] => FAIL
    [err_code] => PARAM_ERROR
    [err_code_des] => 参数错误:用户openid字段必填，并且少于32个字符.
)

参数错误:用户openid字段必填，并且少于32个字符.
o6-UVwjvW3sMst600G5CROh9mfyQ
0
o6-UVwjRgf485yhq9vQC3HS0-P30
0
o6-UVwjo8AYSXNdJ0A2PkoQAVZ30
0
o6-UVwjkQWAQCsZXdzY5arQkGsjM
0
o6-UVwiM54h-AbYSHBvaQme8f_pU
0
o6-UVwiCadDYST6tqs3LZQMZdKjs
0
o6-UVwhXVzUfqYlPntwqM7TgNgf0
0
o6-UVwhJt73Q081OnXTR8KYsN9bI
0
o6-UVwhJ_Xi4hj-yrp_sbRoUe6A0
1
oS2iHxP5zPHnJPTEnNKM16ixa2-Y
string(340) "<xml>
<return_code><![CDATA[SUCCESS]]></return_code>
<return_msg><![CDATA[参数错误:openid字段不正确,请检查是否合法]]></return_msg>
<result_code><![CDATA[FAIL]]></result_code>
<err_code><![CDATA[PARAM_ERROR]]></err_code>
<err_code_des><![CDATA[参数错误:openid字段不正确,请检查是否合法]]></err_code_des>
</xml>"


SimpleXMLElement Object
(
    [return_code] => SUCCESS
    [return_msg] => 参数错误:openid字段不正确,请检查是否合法
    [result_code] => FAIL
    [err_code] => PARAM_ERROR
    [err_code_des] => 参数错误:openid字段不正确,请检查是否合法
)

参数错误:openid字段不正确,请检查是否合法
o6-UVwhbCp_zVTVrMM_hOPEeGXCI
0
o6-UVwh6VAOfsqj6g-7G4crQkmvc
0
o6-UVwh5A3vm0Jc1A72aKsF8OjWc
0
o6-UVwgn662XX-jBWvnMZrdcofYo
0
o6-UVwgIPAWUJOiEvcADRJIxQ3sg
0
o6-UVwgFqar-OHULU-ahQOaw3IXw
0
o6-UVwgb8MArbdco0YucGhlbP63Q
0
o6-UVwvhWwdDnk0tl-dA8xXC-YOQ
0
o6-UVwvFCgS8LsrNCKUDJn3AW2B0
0
o6-UVwusjOgy9L9TZPXFqb5yPyw0
0
o6-UVwuM8F786PWaOgJmTilPLfIo
0
o6-UVwuhy56lXzF721XTp1AM2d8A
0
o6-UVwt9zYkASy7dYOH8mfGuiEMY
0
o6-UVwsVaCqsOcVjiH0vJWy5yEmk
0
o6-UVwssptUyuyI9Uy_pZUIUPwGc
0
o6-UVwsOShmGpvZpzLX8kvPKnd8w
0
o6-UVws6dJLc9ajushJfnqVVEs7g
0
o6-UVws1tBZR-L5mkVk0aaiDvJbI
0
o6-UVwrVByn9t_TOrL3EOCXXotPI
1
oS2iHxGNFs6RK1gRWF67_0KXqq8c
string(547) "<xml>
<return_code><![CDATA[SUCCESS]]></return_code>
<return_msg><![CDATA[]]></return_msg>
<mch_appid><![CDATA[wxf26b83f0a766a32b]]></mch_appid>
<mchid><![CDATA[1332158101]]></mchid>
<device_info><![CDATA[]]></device_info>
<nonce_str><![CDATA[fqwu8u8zxw8zp33co39f9fkf5k9wfz]]></nonce_str>
<result_code><![CDATA[SUCCESS]]></result_code>
<partner_trade_no><![CDATA[1332158101201609041912128916]]></partner_trade_no>
<payment_no><![CDATA[1000018301201609040674036853]]></payment_no>
<payment_time><![CDATA[2016-09-04 19:12:22]]></payment_time>
</xml>"


SimpleXMLElement Object
(
    [return_code] => SUCCESS
    [return_msg] => SimpleXMLElement Object
        (
        )

    [mch_appid] => wxf26b83f0a766a32b
    [mchid] => 1332158101
    [device_info] => SimpleXMLElement Object
        (
        )

    [nonce_str] => fqwu8u8zxw8zp33co39f9fkf5k9wfz
    [result_code] => SUCCESS
    [partner_trade_no] => 1332158101201609041912128916
    [payment_no] => 1000018301201609040674036853
    [payment_time] => 2016-09-04 19:12:22
)

提现成功
update daily set status='已支付' where id=373594 
o6-UVwrtPF8pEL876THbVZ5nw_gg
0
o6-UVwrsmvY0Y-XTJocq_HbNQtEw
0
o6-UVwqpDDlK6v9bPzW_AtNi0x6o
0
o6-UVwqFCUUzIRpf06pzd5UFga_s
0
o6-UVwqDClY817KMZRkyPGuSa3rQ
0
o6-UVwq4ay1Yfp_0G3-a5HCikbjo
0
o6-UVwq-Iz4OpnmUcx8MI643nbhg
0
o6-UVwpsXFGRsuJZtQghKCobdkeM
0
o6-UVwpSHjUAfuPuyBK9Z5_vDTqw
0
o6-UVwpc-xpgtjcehWUyyy2G8IDM
0
o6-UVwpbXEJ9iWXmJumDIG7N-jIk
1
oS2iHxFYk-BKiOo5szXEkmodppIU
string(340) "<xml>
<return_code><![CDATA[SUCCESS]]></return_code>
<return_msg><![CDATA[参数错误:openid字段不正确,请检查是否合法]]></return_msg>
<result_code><![CDATA[FAIL]]></result_code>
<err_code><![CDATA[PARAM_ERROR]]></err_code>
<err_code_des><![CDATA[参数错误:openid字段不正确,请检查是否合法]]></err_code_des>
</xml>"


SimpleXMLElement Object
(
    [return_code] => SUCCESS
    [return_msg] => 参数错误:openid字段不正确,请检查是否合法
    [result_code] => FAIL
    [err_code] => PARAM_ERROR
    [err_code_des] => 参数错误:openid字段不正确,请检查是否合法
)

参数错误:openid字段不正确,请检查是否合法
o6-UVwp0OlOfDnNPkadnp9k_Gd6g
0
o6-UVwp-bGps6nf7yfmodA6a-_i0
0
o6-UVwnZFOCLOVdHV64tyDiWIAmY
0
o6-UVwnUlBAVZFRuAFzCdR6f_oDw
0
o6-UVwnGzwB7jGLL0XF4poY0b24M
0
o6-UVwmSTZlXQBnNpBQQQops6lmM
0
o6-UVwlZhihyJrRveQXaKT-DcEps
0
o6-UVwlZ7KjKBniB90-ZCDuiXvAk
0
o6-UVwlgepvAIOpTBT_u52htCVY8
0
o6-UVwlDaeLxm1_X-XhVDKmBEwYg
0
o6-UVwkurPUshIlG2nzAl0z35ITI
0
o6-UVwk_86AQAFERqBZV58gldKxk
1
小时光osziHxl6eLRdSVvgkTjFITi0A5w0
string(356) "<xml>
<return_code><![CDATA[SUCCESS]]></return_code>
<return_msg><![CDATA[参数错误:用户openid字段必填，并且少于32个字符.]]></return_msg>
<result_code><![CDATA[FAIL]]></result_code>
<err_code><![CDATA[PARAM_ERROR]]></err_code>
<err_code_des><![CDATA[参数错误:用户openid字段必填，并且少于32个字符.]]></err_code_des>
</xml>"


SimpleXMLElement Object
(
    [return_code] => SUCCESS
    [return_msg] => 参数错误:用户openid字段必填，并且少于32个字符.
    [result_code] => FAIL
    [err_code] => PARAM_ERROR
    [err_code_des] => 参数错误:用户openid字段必填，并且少于32个字符.
)

参数错误:用户openid字段必填，并且少于32个字符.
o6-UVwjhx6gWMC2s3ZGsGy6P6lN4
0
o6-UVwiJzH3vTFdVILbtrDzPXZOI
0
o6-UVwhJt73Q081OnXTR8KYsN9bI
0
o6-UVwhcW_9whHUbS1nkqeHW8Pic
0
o6-UVwgg0NKKRYC5j6TMjwizzLCI
0
o6-UVwg2iACPhNkIXIbp-NHnOhaU
0
o6-UVwg-fwAq4ZEAbsu_-p1ESXWM
0
o6-UVwvt3GTi8mAThoLRoJrmVhtQ
0
o6-UVwvS91k_K-d3woZHMCCB3LVk
0
o6-UVwvmEUndxO0UaIumTC_tRc-Y
0
o6-UVwvlaCH4wO8tWaGOUhLJYrrc
0
o6-UVwv5UJo7aYG3KeAYg61rD_PQ
0
o6-UVwv3BN4TxpOSgh-bOLd0e1dA
0
o6-UVwuXHWoWZJUDZbJiIEFWg_u0
0
o6-UVwuWpB58v-3NBhSbYUgM9k9w
0
o6-UVwuoMp0vVw4n2iUKVS-23WH8
0
o6-UVwufyHxBZO-5hIfMGb2OG4Mc
0
o6-UVwuDmKtPin1S0w5apxS_KWZg
0
o6-UVwu5DFf5sHIcpFH5hcOnKXds
0
o6-UVwtGY6l6TBCwNYY5HHrTwqHk
0
o6-UVwsZcjmrlbPaT3XQcUngg13U
0
o6-UVwsVaCqsOcVjiH0vJWy5yEmk
0
o6-UVwsTIEIK104LNXmJ2TRMRpFI
0
o6-UVwsqh16S6EbPLbY3XcpVkJ4Y
0
o6-UVwsfve-moPeSiN-JunOn4M38
0
o6-UVwsBLMtRGDH_PKcQrJhgHC1U
0
o6-UVws8vxxiZLRbmQdySfvZRpJQ
0
o6-UVwrVGl0yrQqxoXO2-i5oVWV8
0
o6-UVwqyROCNHhIAywq_fVu9EXg4
0
o6-UVwq54Nr9BausHDgFY3XiaBOs
0
o6-UVwpZO63vVXzzvk6ZWCEU67qY
0
o6-UVwpPspTdChDuQ9qvbYXOVvu8
0
o6-UVwp-bGps6nf7yfmodA6a-_i0
0
o6-UVwoQ9llblB5R2G2QA7T_oWK4
0
o6-UVwoGL2GynN213rtxCj2beusg
0
o6-UVwocASbuAt4P0ldLmufN7E64
0
o6-UVwnK3QAslN9uGyLJriOr8v0Q
0
o6-UVwn2s34bS4emwsBHxMPnaDqU
0
o6-UVwn1eAii9pGWDOcPn5K6T-2M
0
o6-UVwmC0pflDPuZmfnQq5tcfmrU
0
o6-UVwmA13Tiqe0OHYnWXOjMgPBg
0
o6-UVwliOS56EGwrhnT5d1nIm1Is
0
o6-UVwkTl2huEp6Iq0ykAETHl4uM
0
o6-UVwkOCaNpSXtCLoKHgdT6qomg
0
o6-UVwkNWX6AbBo4T8dTbOL9fMc8
0
o6-UVwkJV5OVXgHT99ykCJbuQ0Cg
1
亲，您的赚米吧账号是：

---------------

o6-UVwkJV5OVXgHT99ykCJbuQ0Cg
string(356) "<xml>
<return_code><![CDATA[SUCCESS]]></return_code>
<return_msg><![CDATA[参数错误:用户openid字段必填，并且少于32个字符.]]></return_msg>
<result_code><![CDATA[FAIL]]></result_code>
<err_code><![CDATA[PARAM_ERROR]]></err_code>
<err_code_des><![CDATA[参数错误:用户openid字段必填，并且少于32个字符.]]></err_code_des>
</xml>"


SimpleXMLElement Object
(
    [return_code] => SUCCESS
    [return_msg] => 参数错误:用户openid字段必填，并且少于32个字符.
    [result_code] => FAIL
    [err_code] => PARAM_ERROR
    [err_code_des] => 参数错误:用户openid字段必填，并且少于32个字符.
)

参数错误:用户openid字段必填，并且少于32个字符.
o6-UVwkH1r9u8JoPX2644gEPfvyU
0
o6-UVwkaGuIHPGQ0ibd4EXCEcIK8
0
o6-UVwk1oT6LfYP_tCsGAT0R0qrE
0
o6-UVwk_jD3M5jFjA28sr-g-r9HI
0
o6-UVwjOPYa1nuBGPMOBCKfMHYt0
0
o6-UVwjM1R4eS3eZx2Zx66dGOvbM
0
o6-UVwjit1FJLKg1R42s18dQ1uec
0
o6-UVwjhx6gWMC2s3ZGsGy6P6lN4
0
o6-UVwiWuzmw3KaVfiX9al0e1E5U
0
o6-UVwiddrSJ0LAuAteXNbNdaxcE
0
o6-UVwi5lk8F4ddak2aMAZp3ZKis
0
o6-UVwi1Wvg1_GqfS8YJkAX5o8f0
0
o6-UVwhx3kvlQqW9vm8LuwKiOm5U
0
o6-UVwhsok9XF5GwyrCHtC01rcDw
0
o6-UVwhh0avq8UyHE8PQ9H67vhrg
0
o6-UVwh2EjNkNsRK6UoaOOppKMDo
0
o6-UVwgvfLdibsxwcp5HMxoblWGg
0
o6-UVwg9l3bYkZobelPSmB-a5OQw
0
o6-UVwg2iACPhNkIXIbp-NHnOhaU
0
o6-UVwuXHWoWZJUDZbJiIEFWg_u0
0
o6-UVwuwuLCCvjyO5syztQ-ni7Vs
1

http://www.fangdan8.com/wxzf/img.php#
string(356) "<xml>
<return_code><![CDATA[SUCCESS]]></return_code>
<return_msg><![CDATA[参数错误:用户openid字段必填，并且少于32个字符.]]></return_msg>
<result_code><![CDATA[FAIL]]></result_code>
<err_code><![CDATA[PARAM_ERROR]]></err_code>
<err_code_des><![CDATA[参数错误:用户openid字段必填，并且少于32个字符.]]></err_code_des>
</xml>"


SimpleXMLElement Object
(
    [return_code] => SUCCESS
    [return_msg] => 参数错误:用户openid字段必填，并且少于32个字符.
    [result_code] => FAIL
    [err_code] => PARAM_ERROR
    [err_code_des] => 参数错误:用户openid字段必填，并且少于32个字符.
)

参数错误:用户openid字段必填，并且少于32个字符.
o6-UVwuOA5IFuMW290huXQQnjgOc
0
o6-UVwstY5w0c6Vk4bDpZbpYdmYo
0
o6-UVwso6dxZ-rXFj4jt0dT6kKcs
0
o6-UVwqbY26sjF2fkoxkFCqmKsNE
0
o6-UVwqanTNBXLthPDAP9XfJBLVw
0
o6-UVwonX3XPQG2bnfCNDmkuMfw0
0
o6-UVwkm-SGHRLteslhl42TR-ztE
1
oS2iHxMkRKDp5GNVh-6Je9zz8D8
string(340) "<xml>
<return_code><![CDATA[SUCCESS]]></return_code>
<return_msg><![CDATA[参数错误:openid字段不正确,请检查是否合法]]></return_msg>
<result_code><![CDATA[FAIL]]></result_code>
<err_code><![CDATA[PARAM_ERROR]]></err_code>
<err_code_des><![CDATA[参数错误:openid字段不正确,请检查是否合法]]></err_code_des>
</xml>"


SimpleXMLElement Object
(
    [return_code] => SUCCESS
    [return_msg] => 参数错误:openid字段不正确,请检查是否合法
    [result_code] => FAIL
    [err_code] => PARAM_ERROR
    [err_code_des] => 参数错误:openid字段不正确,请检查是否合法
)

参数错误:openid字段不正确,请检查是否合法
o6-UVwkJzxSWvW6E0TXR1zZWWVDQ
0
o6-UVwjRNGRCZV7GaTPQGQevXjBw
0
o6-UVwjJ6hiLr_qY803_zc4tNXsQ
0
o6-UVwjgsKcxcnB50Y4orav3-KfE
1
OS2iHXDnuaAqssipLAywZsZai4ds
string(340) "<xml>
<return_code><![CDATA[SUCCESS]]></return_code>
<return_msg><![CDATA[参数错误:openid字段不正确,请检查是否合法]]></return_msg>
<result_code><![CDATA[FAIL]]></result_code>
<err_code><![CDATA[PARAM_ERROR]]></err_code>
<err_code_des><![CDATA[参数错误:openid字段不正确,请检查是否合法]]></err_code_des>
</xml>"


SimpleXMLElement Object
(
    [return_code] => SUCCESS
    [return_msg] => 参数错误:openid字段不正确,请检查是否合法
    [result_code] => FAIL
    [err_code] => PARAM_ERROR
    [err_code_des] => 参数错误:openid字段不正确,请检查是否合法
)

参数错误:openid字段不正确,请检查是否合法
o6-UVwi_U-0c67CdMpGyM0TGQ1_A
0
o6-UVwhVUVt38_PPj6DE_lvmjpNw
1
http://www.fangdan8.com/wxzf/img.php#
string(356) "<xml>
<return_code><![CDATA[SUCCESS]]></return_code>
<return_msg><![CDATA[参数错误:用户openid字段必填，并且少于32个字符.]]></return_msg>
<result_code><![CDATA[FAIL]]></result_code>
<err_code><![CDATA[PARAM_ERROR]]></err_code>
<err_code_des><![CDATA[参数错误:用户openid字段必填，并且少于32个字符.]]></err_code_des>
</xml>"


SimpleXMLElement Object
(
    [return_code] => SUCCESS
    [return_msg] => 参数错误:用户openid字段必填，并且少于32个字符.
    [result_code] => FAIL
    [err_code] => PARAM_ERROR
    [err_code_des] => 参数错误:用户openid字段必填，并且少于32个字符.
)

参数错误:用户openid字段必填，并且少于32个字符.
o6-UVwvGbeXCbJzgZ5WVIwM7QjSM
0
o6-UVwuOA5IFuMW290huXQQnjgOc
0
o6-UVwu_QF6lYSu3Z78w3lXXMHiY
0
o6-UVwtbpKRioTLIjW5RnqaQMS6c
0
o6-UVwsTIEIK104LNXmJ2TRMRpFI
0
o6-UVwrnjxGYnhZnMu-KLL58F6O4
0
o6-UVwqanTNBXLthPDAP9XfJBLVw
0
o6-UVwnW8WETL3kp7-Z7i-cv5S8A
0
o6-UVwmkv-JBsP7Zz5Dxa5hUgF14
0
o6-UVwmk_F7Or_Eg9LmdqPkcLCzI
0
o6-UVwlVIPDWbtFo0uLJwyPcCDCk
0
o6-UVwlgakTBEyRMwo834KLCFqSQ
0
o6-UVwk-UAf2ZIcTf7as3o5ZXKMY
0
o6-UVwjPSl5_LclNzrr-_4qK1RnE
0
o6-UVwj-2gTou65g0XNU8EHvSnho
0
o6-UVwi_U-0c67CdMpGyM0TGQ1_A
0
o6-UVwhJt73Q081OnXTR8KYsN9bI
0
o6-UVwg9l3bYkZobelPSmB-a5OQw
0
o6-UVwv7QQnlKnBYQkhoXmX9Q1sM
0
o6-UVwu5DFf5sHIcpFH5hcOnKXds
0
o6-UVwu3HpDV4f0u_xnZ1Uc-WBtg
0
o6-UVwu_QF6lYSu3Z78w3lXXMHiY
0
o6-UVwsUAmIZEQfDubVkBuyF1EcQ
0
o6-UVwsj2CMBKWhQ2Y1pjpNWiVuo
0
o6-UVws7y78ihEspjcStvFlFLZYE
0
o6-UVwq54Nr9BausHDgFY3XiaBOs
0
o6-UVwp_7-YJoVdPdcLcABeXWm9Q
0
o6-UVwoLybhq0Dy9nK5_K05xmZEY
0
o6-UVwnXawSUNsNYp3AspQCJhTTw
0
o6-UVwn0O41gxtq3W1mIWo8_QgpA
1
O52iH×06xjna5×
vdA424－Oih×5mY
string(356) "<xml>
<return_code><![CDATA[SUCCESS]]></return_code>
<return_msg><![CDATA[参数错误:用户openid字段必填，并且少于32个字符.]]></return_msg>
<result_code><![CDATA[FAIL]]></result_code>
<err_code><![CDATA[PARAM_ERROR]]></err_code>
<err_code_des><![CDATA[参数错误:用户openid字段必填，并且少于32个字符.]]></err_code_des>
</xml>"


SimpleXMLElement Object
(
    [return_code] => SUCCESS
    [return_msg] => 参数错误:用户openid字段必填，并且少于32个字符.
    [result_code] => FAIL
    [err_code] => PARAM_ERROR
    [err_code_des] => 参数错误:用户openid字段必填，并且少于32个字符.
)

参数错误:用户openid字段必填，并且少于32个字符.
o6-UVwmk_F7Or_Eg9LmdqPkcLCzI
0
o6-UVwmb2v9AxXmxTmK3_5Hf8nto
0
o6-UVwjgsKcxcnB50Y4orav3-KfE
1
OS2iHXDnuaAqssipLAywZsZai4ds
string(340) "<xml>
<return_code><![CDATA[SUCCESS]]></return_code>
<return_msg><![CDATA[参数错误:openid字段不正确,请检查是否合法]]></return_msg>
<result_code><![CDATA[FAIL]]></result_code>
<err_code><![CDATA[PARAM_ERROR]]></err_code>
<err_code_des><![CDATA[参数错误:openid字段不正确,请检查是否合法]]></err_code_des>
</xml>"


SimpleXMLElement Object
(
    [return_code] => SUCCESS
    [return_msg] => 参数错误:openid字段不正确,请检查是否合法
    [result_code] => FAIL
    [err_code] => PARAM_ERROR
    [err_code_des] => 参数错误:openid字段不正确,请检查是否合法
)

参数错误:openid字段不正确,请检查是否合法
o6-UVwiv3r1bM4rxI8jHNNaIcM0Y
0
o6-UVwirgx5CaVevSZATIOBEteZM
0
o6-UVwgxsU-isHQLdSdkXssYoBQM
0
o6-UVwgwgyxTvUBDcs1uH4ilrjsc
0
o6-UVwgv1wrqsEjDW94h4yc8xwbA
0
o6-UVwtbpKRioTLIjW5RnqaQMS6c
0
o6-UVwpQA6Ml_XbX00PiYY3EedMg
0
o6-UVwmzw6dLMShn_F9eB51r37cQ
0
o6-UVwmr02uV1THOTNc4gtDyJKrc
0
o6-UVwlVIPDWbtFo0uLJwyPcCDCk
0
o6-UVwlioMxX0PAJ5nvT7Q6z6Ncc
0
o6-UVwkwhovMoiT5PbGqW0cgTgwk
0
o6-UVwkTl2huEp6Iq0ykAETHl4uM
0
o6-UVwkmjzv63h58DH8CHU8wvC-Q
1
http://www.fangdan8.com/wxzf/img.php#
string(356) "<xml>
<return_code><![CDATA[SUCCESS]]></return_code>
<return_msg><![CDATA[参数错误:用户openid字段必填，并且少于32个字符.]]></return_msg>
<result_code><![CDATA[FAIL]]></result_code>
<err_code><![CDATA[PARAM_ERROR]]></err_code>
<err_code_des><![CDATA[参数错误:用户openid字段必填，并且少于32个字符.]]></err_code_des>
</xml>"


SimpleXMLElement Object
(
    [return_code] => SUCCESS
    [return_msg] => 参数错误:用户openid字段必填，并且少于32个字符.
    [result_code] => FAIL
    [err_code] => PARAM_ERROR
    [err_code_des] => 参数错误:用户openid字段必填，并且少于32个字符.
)

参数错误:用户openid字段必填，并且少于32个字符.
o6-UVwgYlManZ-baY8fkr5TOKgmI
0
o6-UVwgxsU-isHQLdSdkXssYoBQM
0
o6-UVwtO6kCyQJvJmNOyKs4NKSWY
2
oS2iHxOepGEYs2kl2iFSqobplJZU
string(340) "<xml>
<return_code><![CDATA[SUCCESS]]></return_code>
<return_msg><![CDATA[参数错误:openid字段不正确,请检查是否合法]]></return_msg>
<result_code><![CDATA[FAIL]]></result_code>
<err_code><![CDATA[PARAM_ERROR]]></err_code>
<err_code_des><![CDATA[参数错误:openid字段不正确,请检查是否合法]]></err_code_des>
</xml>"


SimpleXMLElement Object
(
    [return_code] => SUCCESS
    [return_msg] => 参数错误:openid字段不正确,请检查是否合法
    [result_code] => FAIL
    [err_code] => PARAM_ERROR
    [err_code_des] => 参数错误:openid字段不正确,请检查是否合法
)

参数错误:openid字段不正确,请检查是否合法
o6-UVwt7QVRKvrEP-oKCPY_vSYII
0
o6-UVwso6dxZ-rXFj4jt0dT6kKcs
0
o6-UVwskIXSLCq85G6_zOcEbuJZY
0
o6-UVwr6sCzKDSoEcHKQs_7LPSTI
1
os2ihxdnuaaqssjplaywzszai4ds
string(340) "<xml>
<return_code><![CDATA[SUCCESS]]></return_code>
<return_msg><![CDATA[参数错误:openid字段不正确,请检查是否合法]]></return_msg>
<result_code><![CDATA[FAIL]]></result_code>
<err_code><![CDATA[PARAM_ERROR]]></err_code>
<err_code_des><![CDATA[参数错误:openid字段不正确,请检查是否合法]]></err_code_des>
</xml>"


SimpleXMLElement Object
(
    [return_code] => SUCCESS
    [return_msg] => 参数错误:openid字段不正确,请检查是否合法
    [result_code] => FAIL
    [err_code] => PARAM_ERROR
    [err_code_des] => 参数错误:openid字段不正确,请检查是否合法
)

参数错误:openid字段不正确,请检查是否合法
o6-UVwqKqh1Y1O2Jf4-xIwFqGqvE
0
o6-UVwqfMJgxVWkvd_197xjPjzls
0
o6-UVwp3yPqYgGAkMwzscyi2DrRU
0
o6-UVwoYt-3Jii5RaK3cEJ7QXs2w
0
o6-UVwnYlYXP0QmdzY3xyt4VKz7I
0
o6-UVwmVhdmIjfozPijw9LApkab4
0
o6-UVwmr02uV1THOTNc4gtDyJKrc
0
o6-UVwkhFkGs-bNnwVpa5jzrIcE4
0
o6-UVwkH1r9u8JoPX2644gEPfvyU
0
o6-UVwjRCF6XYcLDjDL4ynyMww4E
0
o6-UVwjM1R4eS3eZx2Zx66dGOvbM
0
o6-UVwjfH7sOHlniBLNlsvAKBz2s
0
o6-UVwivFevxJStzerPKJXgQ7d4M
0
o6-UVwiFkktwdpNOhRhBNXsNli7c
0
o6-UVwiCYYl-W4nKnnEWUV3NUXnY
0
o6-UVwhxXg8KiwbNw2Yms6iBaFyE
0
o6-UVwhus_gV51wBNJlYurAvnhPQ
1
oS2iHxBgrwQDAq36Y-YRb1V0KtjE
string(340) "<xml>
<return_code><![CDATA[SUCCESS]]></return_code>
<return_msg><![CDATA[参数错误:openid字段不正确,请检查是否合法]]></return_msg>
<result_code><![CDATA[FAIL]]></result_code>
<err_code><![CDATA[PARAM_ERROR]]></err_code>
<err_code_des><![CDATA[参数错误:openid字段不正确,请检查是否合法]]></err_code_des>
</xml>"


SimpleXMLElement Object
(
    [return_code] => SUCCESS
    [return_msg] => 参数错误:openid字段不正确,请检查是否合法
    [result_code] => FAIL
    [err_code] => PARAM_ERROR
    [err_code_des] => 参数错误:openid字段不正确,请检查是否合法
)

参数错误:openid字段不正确,请检查是否合法
o6-UVwvUvdWCtG8G7tjVEgG_SnQA
0
o6-UVwsQKDoESmH9GMplkTS2djaA
0
o6-UVwrv38F8A38byynM02JZuzwQ
0
o6-UVwrfe5MNKbops2AuYmDOXfWE
0
o6-UVwr6sCzKDSoEcHKQs_7LPSTI
1
os2ihxdnuaaqssjplaywzszai4ds
string(340) "<xml>
<return_code><![CDATA[SUCCESS]]></return_code>
<return_msg><![CDATA[参数错误:openid字段不正确,请检查是否合法]]></return_msg>
<result_code><![CDATA[FAIL]]></result_code>
<err_code><![CDATA[PARAM_ERROR]]></err_code>
<err_code_des><![CDATA[参数错误:openid字段不正确,请检查是否合法]]></err_code_des>
</xml>"


SimpleXMLElement Object
(
    [return_code] => SUCCESS
    [return_msg] => 参数错误:openid字段不正确,请检查是否合法
    [result_code] => FAIL
    [err_code] => PARAM_ERROR
    [err_code_des] => 参数错误:openid字段不正确,请检查是否合法
)

参数错误:openid字段不正确,请检查是否合法
o6-UVwqtSvIq_E3niSwmqIklfHPM
0
o6-UVwq85-o4HTtlTALs_vJS2MoU
0
o6-UVwnU7ZILzOI1JBf6Jm7XUOW8
0
o6-UVwmzgB7y6p4q4g8sP_xgMr6c
0
o6-UVwmU6_wzpWu4ttX268QRsy24
0
o6-UVwmoD-rLGTfeAgBZT1CKJ0e8
0
o6-UVwmk_F7Or_Eg9LmdqPkcLCzI
0
o6-UVwkH1r9u8JoPX2644gEPfvyU
0
o6-UVwiFkktwdpNOhRhBNXsNli7c
0
o6-UVwhQKU4rFWkj5T5JVFN-HEng
0
o6-UVwvZhTIUr7x4PmODzVL-zpN4
0
o6-UVwvT7_qodfMDirHvAGCJN62I
0
o6-UVwsZvufDMxR1Xig21VMfORdc
0
o6-UVwmpMgFzpD6dTYKsCbmtQn3M
0
o6-UVwmHUAaV3GLlBMVTfJl_kcB8
0
o6-UVwkWUQAFfGQnCKUlIyMYbcIE
0
o6-UVwjn4zESkLnn1FlU25426r5g
1
xindong629@163.com
string(340) "<xml>
<return_code><![CDATA[SUCCESS]]></return_code>
<return_msg><![CDATA[参数错误:openid字段不正确,请检查是否合法]]></return_msg>
<result_code><![CDATA[FAIL]]></result_code>
<err_code><![CDATA[PARAM_ERROR]]></err_code>
<err_code_des><![CDATA[参数错误:openid字段不正确,请检查是否合法]]></err_code_des>
</xml>"


SimpleXMLElement Object
(
    [return_code] => SUCCESS
    [return_msg] => 参数错误:openid字段不正确,请检查是否合法
    [result_code] => FAIL
    [err_code] => PARAM_ERROR
    [err_code_des] => 参数错误:openid字段不正确,请检查是否合法
)

参数错误:openid字段不正确,请检查是否合法
o6-UVwiFkktwdpNOhRhBNXsNli7c
0
o6-UVwhQKU4rFWkj5T5JVFN-HEng
0
o6-UVwvT7_qodfMDirHvAGCJN62I
0
o6-UVwt7HK-jyxLvHwoOAmkvBdBc
0
o6-UVwsQKDoESmH9GMplkTS2djaA
0
o6-UVwrfe5MNKbops2AuYmDOXfWE
0
o6-UVwqXM3fRINmHmbZGTP3fozAc
0
o6-UVwqjhGHv6LOju3VH6aSn-w-k
0
o6-UVwq54Nr9BausHDgFY3XiaBOs
0
o6-UVwpzBexTNZZ1yvzrSumPi-kU
0
o6-UVwpTS3d2_SlLu4R3_cEnwV-0
0
o6-UVwpRl3eQSKe5aX2gSdYKQUUI
0
o6-UVwpKLpoMUoX6sqReqUmw1JkQ
0
o6-UVwo4vohpGyZmZn-uBmZNNPt8
0
o6-UVwnS8Joj6Uu94RlH50TB7sc4
0
o6-UVwmzgB7y6p4q4g8sP_xgMr6c
0
o6-UVwmU6_wzpWu4ttX268QRsy24
0
o6-UVwmpMgFzpD6dTYKsCbmtQn3M
0
o6-UVwlrCOxNTXMarL3sXEpTuWt8
0
o6-UVwlHYGrvOz2tyZAnmukpc5G4
0
o6-UVwkDbFJf-fkE-RA9SyDmOjDA
0
o6-UVwjN_3xtNp1D0TyDWCWcbsZE
0
o6-UVwhVnHAPaWI9usGW5bifqYzo
0
o6-UVwhQKU4rFWkj5T5JVFN-HEng
0
o6-UVwhFTz2JW5xrJILeLgMRzQDo
0
o6-UVwg9l3bYkZobelPSmB-a5OQw
0
o6-UVwvT7_qodfMDirHvAGCJN62I
0
o6-UVwvryDChJFFBW5xeTM3nxJ7M
0
o6-UVwqmPnKMKL9UzAA58B5B9TXY
0
o6-UVwpkL5ZsqQPdHdPBmfmTwja4
0
o6-UVwoZRr6Vu3M08BCaKRC-alTA
0
o6-UVwmzgB7y6p4q4g8sP_xgMr6c
0
o6-UVwlHYGrvOz2tyZAnmukpc5G4
0
o6-UVwjH9X8Ose96TK6RVJlz9Vto
0
o6-UVwjGU9vUWK0Avdrl3XLsfpp4
0
o6-UVwiy4ZioTDYIaNzt9pQsv65I
0
o6-UVwhtgFURU_OND1hkHG8IuBtc
0
o6-UVwhhm70QtaD7jKM6UYf9XqsI
1
o6-UVws3ZF3kW_gsMhhjNTT2YE7E
string(275) "<xml>
<return_code><![CDATA[SUCCESS]]></return_code>
<return_msg><![CDATA[openid和appid不匹配]]></return_msg>
<result_code><![CDATA[FAIL]]></result_code>
<err_code><![CDATA[OPENID_ERROR]]></err_code>
<err_code_des><![CDATA[openid和appid不匹配]]></err_code_des>
</xml>"


SimpleXMLElement Object
(
    [return_code] => SUCCESS
    [return_msg] => openid和appid不匹配
    [result_code] => FAIL
    [err_code] => OPENID_ERROR
    [err_code_des] => openid和appid不匹配
)

openid和appid不匹配
o6-UVwg3k6FvH2VCba84Aszkh_80
0
o6-UVwvryDChJFFBW5xeTM3nxJ7M
0
o6-UVws474ds6VDaPXc8X6Uc9qC8
0
o6-UVwrsFMcY6yi7ZBDyOl9Zvi1I
0
o6-UVwo42TJY03rvxMvt0BaDa2UU
0
o6-UVwmzgB7y6p4q4g8sP_xgMr6c
0
o6-UVwmU6_wzpWu4ttX268QRsy24
0
o6-UVwmsmImUrrAQ3swSg8wz3GhU
0
o6-UVwlHYGrvOz2tyZAnmukpc5G4
0
o6-UVwlFqUdVVFgHaA7-e7Xhcu8A
0
o6-UVwjf0FgadKp1SkjM0rG5JZHk
0
o6-UVwj5iMqkAhyDf38DUXXN4oyE
2
oS2iHXCEhYjmDMCbCsvXcIjWttA
string(340) "<xml>
<return_code><![CDATA[SUCCESS]]></return_code>
<return_msg><![CDATA[参数错误:openid字段不正确,请检查是否合法]]></return_msg>
<result_code><![CDATA[FAIL]]></result_code>
<err_code><![CDATA[PARAM_ERROR]]></err_code>
<err_code_des><![CDATA[参数错误:openid字段不正确,请检查是否合法]]></err_code_des>
</xml>"


SimpleXMLElement Object
(
    [return_code] => SUCCESS
    [return_msg] => 参数错误:openid字段不正确,请检查是否合法
    [result_code] => FAIL
    [err_code] => PARAM_ERROR
    [err_code_des] => 参数错误:openid字段不正确,请检查是否合法
)

参数错误:openid字段不正确,请检查是否合法
o6-UVwuZge8oqtmwORARR-7n9zK8
0
o6-UVwsedUQW_JmeEF1Fh2_5plv4
0
o6-UVwqPTTHnEls6n2qWL-1mazCc
0
o6-UVwpsI8vDc9YT8TIibkhu5xdw
0
o6-UVwpkL5ZsqQPdHdPBmfmTwja4
0
o6-UVwmU6_wzpWu4ttX268QRsy24
0
o6-UVwmlLFWnN9JmzvUUwbZ03z_4
0
o6-UVwmd63Dmr0WrzhiFKGF1n4Ew
0
o6-UVwlHYGrvOz2tyZAnmukpc5G4
0
o6-UVwlFqUdVVFgHaA7-e7Xhcu8A
0
o6-UVwl4lejv0N_AvagVbNBpCcm4
0
o6-UVwk6va5eITDV4nKaYcVZYiLs
0
o6-UVwj5iMqkAhyDf38DUXXN4oyE
2
oS2iHXCEhYjmDMCbCsvXcIjWttA
string(340) "<xml>
<return_code><![CDATA[SUCCESS]]></return_code>
<return_msg><![CDATA[参数错误:openid字段不正确,请检查是否合法]]></return_msg>
<result_code><![CDATA[FAIL]]></result_code>
<err_code><![CDATA[PARAM_ERROR]]></err_code>
<err_code_des><![CDATA[参数错误:openid字段不正确,请检查是否合法]]></err_code_des>
</xml>"


SimpleXMLElement Object
(
    [return_code] => SUCCESS
    [return_msg] => 参数错误:openid字段不正确,请检查是否合法
    [result_code] => FAIL
    [err_code] => PARAM_ERROR
    [err_code_des] => 参数错误:openid字段不正确,请检查是否合法
)

参数错误:openid字段不正确,请检查是否合法
o6-UVwg9l3bYkZobelPSmB-a5OQw
0
o6-UVwvheH53FFE9MuGeuaMcCDt8
0
o6-UVwv21WNvQpQ70a0mzCqK19DQ
0
o6-UVwu3V80dbivntob8LUF94Igg
0
o6-UVws474ds6VDaPXc8X6Uc9qC8
0
o6-UVws2mTqOrk1cQ6eBmchUrJzU
0
o6-UVwqi62uJ4NWEGAbU3hDOelZc
0
o6-UVwq54Nr9BausHDgFY3XiaBOs
0
o6-UVwpKLpoMUoX6sqReqUmw1JkQ
0
o6-UVwpkL5ZsqQPdHdPBmfmTwja4
0
o6-UVwoBrsODFKpvBHUL2jTS3_HU
0
o6-UVwlHYGrvOz2tyZAnmukpc5G4
0
o6-UVwl5vTxQPsYu6SNXM5Z9AH4o
0
o6-UVwjgQcvwZI4LNuGAwydsfyI4
0
o6-UVwiKNPDF6Vs97MXi_2p4h8C8
0
o6-UVwhQKU4rFWkj5T5JVFN-HEng
0
o6-UVwhds8pUUQu_JRNYvPPGD6AQ
0
o6-UVwg9l3bYkZobelPSmB-a5OQw
0
